<?xml version="1.0" encoding="UTF-8"?>
<testng-results ignored="0" total="4" passed="3" failed="1" skipped="0">
  <reporter-output>
  </reporter-output>
  <suite started-at="2022-08-01T10:59:56 CEST" name="Suite" finished-at="2022-08-01T11:00:58 CEST" duration-ms="61801">
    <groups>
    </groups>
    <test started-at="2022-08-01T10:59:56 CEST" name="Test01" finished-at="2022-08-01T11:00:36 CEST" duration-ms="40178">
      <class name="Academy.JKE2E.HomePage">
        <test-method is-config="true" signature="begining()[pri:0, instance:Academy.JKE2E.HomePage@5b43e173]" started-at="2022-08-01T10:59:56 CEST" name="begining" finished-at="2022-08-01T11:00:31 CEST" duration-ms="35420" status="PASS">
          <reporter-output>
          </reporter-output>
        </test-method> <!-- begining -->
        <test-method signature="basePageNavigation()[pri:0, instance:Academy.JKE2E.HomePage@5b43e173]" started-at="2022-08-01T11:00:31 CEST" name="basePageNavigation" finished-at="2022-08-01T11:00:35 CEST" duration-ms="4058" status="PASS">
          <reporter-output>
          </reporter-output>
        </test-method> <!-- basePageNavigation -->
        <test-method is-config="true" signature="teardown()[pri:0, instance:Academy.JKE2E.HomePage@5b43e173]" started-at="2022-08-01T11:00:35 CEST" name="teardown" finished-at="2022-08-01T11:00:36 CEST" duration-ms="644" status="PASS">
          <reporter-output>
          </reporter-output>
        </test-method> <!-- teardown -->
      </class> <!-- Academy.JKE2E.HomePage -->
    </test> <!-- Test01 -->
    <test started-at="2022-08-01T10:59:56 CEST" name="Test03" finished-at="2022-08-01T11:00:36 CEST" duration-ms="39981">
      <class name="Academy.JKE2E.HomePageFail">
        <test-method is-config="true" signature="begining()[pri:0, instance:Academy.JKE2E.HomePageFail@6a078481]" started-at="2022-08-01T10:59:56 CEST" name="begining" finished-at="2022-08-01T11:00:30 CEST" duration-ms="34387" status="PASS">
          <reporter-output>
          </reporter-output>
        </test-method> <!-- begining -->
        <test-method signature="validateHeadlineh2()[pri:0, instance:Academy.JKE2E.HomePageFail@6a078481]" started-at="2022-08-01T11:00:30 CEST" name="validateHeadlineh2" finished-at="2022-08-01T11:00:31 CEST" duration-ms="597" status="FAIL">
          <exception class="java.lang.AssertionError">
            <message>
              <![CDATA[expected [FEATURED COURSES123] but found [FEATURED COURSES]]]>
            </message>
            <full-stacktrace>
              <![CDATA[java.lang.AssertionError: expected [FEATURED COURSES123] but found [FEATURED COURSES]
at org.testng.Assert.fail(Assert.java:110)
at org.testng.Assert.failNotEquals(Assert.java:1413)
at org.testng.Assert.assertEqualsImpl(Assert.java:149)
at org.testng.Assert.assertEquals(Assert.java:131)
at org.testng.Assert.assertEquals(Assert.java:655)
at org.testng.Assert.assertEquals(Assert.java:665)
at Academy.JKE2E.HomePageFail.validateHeadlineh2(HomePageFail.java:53)
at java.base/jdk.internal.reflect.NativeMethodAccessorImpl.invoke0(Native Method)
at java.base/jdk.internal.reflect.NativeMethodAccessorImpl.invoke(NativeMethodAccessorImpl.java:62)
at java.base/jdk.internal.reflect.DelegatingMethodAccessorImpl.invoke(DelegatingMethodAccessorImpl.java:43)
at java.base/java.lang.reflect.Method.invoke(Method.java:566)
at org.testng.internal.invokers.MethodInvocationHelper.invokeMethod(MethodInvocationHelper.java:139)
at org.testng.internal.invokers.TestInvoker.invokeMethod(TestInvoker.java:677)
at org.testng.internal.invokers.TestInvoker.invokeTestMethod(TestInvoker.java:221)
at org.testng.internal.invokers.MethodRunner.runInSequence(MethodRunner.java:50)
at org.testng.internal.invokers.TestInvoker$MethodInvocationAgent.invoke(TestInvoker.java:962)
at org.testng.internal.invokers.TestInvoker.invokeTestMethods(TestInvoker.java:194)
at org.testng.internal.invokers.TestMethodWorker.invokeTestMethods(TestMethodWorker.java:148)
at org.testng.internal.invokers.TestMethodWorker.run(TestMethodWorker.java:128)
at java.base/java.util.ArrayList.forEach(ArrayList.java:1541)
at org.testng.TestRunner.privateRun(TestRunner.java:806)
at org.testng.TestRunner.run(TestRunner.java:601)
at org.testng.SuiteRunner.runTest(SuiteRunner.java:433)
at org.testng.SuiteRunner$SuiteWorker.run(SuiteRunner.java:471)
at org.testng.internal.thread.ThreadUtil.lambda$execute$0(ThreadUtil.java:58)
at java.base/java.util.concurrent.FutureTask.run(FutureTask.java:264)
at java.base/java.util.concurrent.ThreadPoolExecutor.runWorker(ThreadPoolExecutor.java:1128)
at java.base/java.util.concurrent.ThreadPoolExecutor$Worker.run(ThreadPoolExecutor.java:628)
at java.base/java.lang.Thread.run(Thread.java:834)
]]>
            </full-stacktrace>
          </exception> <!-- java.lang.AssertionError -->
          <reporter-output>
          </reporter-output>
        </test-method> <!-- validateHeadlineh2 -->
        <test-method is-config="true" signature="teardown()[pri:0, instance:Academy.JKE2E.HomePageFail@6a078481]" started-at="2022-08-01T11:00:35 CEST" name="teardown" finished-at="2022-08-01T11:00:36 CEST" duration-ms="646" status="PASS">
          <reporter-output>
          </reporter-output>
        </test-method> <!-- teardown -->
      </class> <!-- Academy.JKE2E.HomePageFail -->
    </test> <!-- Test03 -->
    <test started-at="2022-08-01T10:59:56 CEST" name="Test02" finished-at="2022-08-01T11:00:58 CEST" duration-ms="61801">
      <class name="Academy.JKE2E.LoginPage">
        <test-method is-config="true" signature="begining()[pri:0, instance:Academy.JKE2E.LoginPage@181d7f28]" started-at="2022-08-01T10:59:56 CEST" name="begining" finished-at="2022-08-01T11:00:03 CEST" duration-ms="7000" status="PASS">
          <reporter-output>
          </reporter-output>
        </test-method> <!-- begining -->
        <test-method signature="loginPageNavigation(java.lang.String,java.lang.String)[pri:0, instance:Academy.JKE2E.LoginPage@181d7f28]" started-at="2022-08-01T11:00:03 CEST" name="loginPageNavigation" data-provider="getData" finished-at="2022-08-01T11:00:30 CEST" duration-ms="27187" status="PASS">
          <params>
            <param index="0">
              <value>
                <![CDATA[private@spotter.com]]>
              </value>
            </param>
            <param index="1">
              <value>
                <![CDATA[passwordPrivate]]>
              </value>
            </param>
          </params>
          <reporter-output>
          </reporter-output>
        </test-method> <!-- loginPageNavigation -->
        <test-method signature="loginPageNavigation(java.lang.String,java.lang.String)[pri:0, instance:Academy.JKE2E.LoginPage@181d7f28]" started-at="2022-08-01T11:00:30 CEST" name="loginPageNavigation" data-provider="getData" finished-at="2022-08-01T11:00:57 CEST" duration-ms="27106" status="PASS">
          <params>
            <param index="0">
              <value>
                <![CDATA[enterprise@spotter.com]]>
              </value>
            </param>
            <param index="1">
              <value>
                <![CDATA[passwordEnterprise]]>
              </value>
            </param>
          </params>
          <reporter-output>
          </reporter-output>
        </test-method> <!-- loginPageNavigation -->
        <test-method is-config="true" signature="teardown()[pri:0, instance:Academy.JKE2E.LoginPage@181d7f28]" started-at="2022-08-01T11:00:57 CEST" name="teardown" finished-at="2022-08-01T11:00:58 CEST" duration-ms="323" status="PASS">
          <reporter-output>
          </reporter-output>
        </test-method> <!-- teardown -->
      </class> <!-- Academy.JKE2E.LoginPage -->
    </test> <!-- Test02 -->
  </suite> <!-- Suite -->
</testng-results>
